611, 7730034688
614, 7730034688
618, 7730034688
613, 7730034688
617, 7730034688
623, 7730034688
624, 7730034688
605, 7730034688
619, 7730034688
618, 7730034688
619, 7730034688
611, 7730034688
614, 7730034688
619, 7730034688
620, 7730034688
622, 7730034688
617, 7730034688
613, 7730034688
614, 7730034688
611, 7730034688
610, 7730034688
623, 7730034688
621, 7730034688
616, 7730034688
607, 7730034688
608, 7730034688
619, 7730034688
614, 7730034688
610, 7730034688
627, 7730034688
617, 7730034688
626, 7730034688
614, 7730034688
620, 7730034688
626, 7730034688
615, 7730034688
617, 7730034688
608, 7730034688
614, 7730034688
622, 7730034688
610, 7730034688
611, 7730034688
626, 7730034688
621, 7730034688
629, 7730034688
607, 7730034688
621, 7730034688
617, 7730034688
620, 7730034688
618, 7730034688
613, 7730034688
618, 7730034688
618, 7730034688
612, 7730034688
625, 7730034688
611, 7730034688
616, 7730034688
625, 7730034688
630, 7730034688
612, 7730034688
628, 7730034688
610, 7730034688
613, 7730034688
620, 7730034688
605, 7730034688
622, 7730034688
604, 7730034688
627, 7730034688
623, 7730034688
624, 7730034688
605, 7730034688
613, 7730034688
617, 7730034688
621, 7730034688
622, 7730034688
622, 7730034688
610, 7730034688
621, 7730034688
614, 7730034688
612, 7730034688
618, 7730034688
613, 7730034688
618, 7730034688
609, 7730034688
610, 7730034688
609, 7730034688
621, 7730034688
618, 7730034688
614, 7730034688
609, 7730034688
618, 7730034688
614, 7730034688
612, 7730034688
615, 7730034688
619, 7730034688
618, 7730034688
612, 7730034688
616, 7730034688
621, 7730034688
626, 7730034688
614, 7730034688
621, 7730034688
615, 7730034688
624, 7730034688
614, 7730034688
623, 7730034688
618, 7730034688
618, 7730034688
624, 7730034688
615, 7730034688
633, 7730034688
608, 7730034688
610, 7730034688
614, 7730034688
621, 7730034688
618, 7730034688
609, 7730034688
623, 7730034688
608, 7730034688
611, 7730034688
625, 7730034688
628, 7730034688
611, 7730034688
621, 7730034688
615, 7730034688
607, 7730034688
605, 7730034688
618, 7730034688
619, 7730034688
613, 7730034688
620, 7730034688
625, 7730034688
621, 7730034688
613, 7730034688
617, 7730034688
607, 7730034688
619, 7730034688
615, 7730034688
610, 7730034688
613, 7730034688
605, 7730034688
616, 7730034688
625, 7730034688
622, 7730034688
618, 7730034688
617, 7730034688
623, 7730034688
615, 7730034688
627, 7730034688
620, 7730034688
607, 7730034688
616, 7730034688
633, 7730034688
615, 7730034688
616, 7730034688
609, 7730034688
616, 7730034688
622, 7730034688
621, 7730034688
621, 7730034688
622, 7730034688
612, 7730034688
626, 7730034688
621, 7730034688
620, 7730034688
620, 7730034688
620, 7730034688
612, 7730034688
619, 7730034688
623, 7730034688
614, 7730034688
623, 7730034688
614, 7730034688
618, 7730034688
628, 7730034688
624, 7730034688
617, 7730034688
617, 7730034688
617, 7730034688
622, 7730034688
617, 7730034688
618, 7730034688
613, 7730034688
626, 7730034688
619, 7730034688
611, 7730034688
627, 7730034688
622, 7730034688
624, 7730034688
630, 7730034688
622, 7730034688
607, 7730034688
617, 7730034688
618, 7730034688
622, 7730034688
624, 7730034688
612, 7730034688
631, 7730034688
611, 7730034688
618, 7730034688
606, 7730034688
612, 7730034688
615, 7730034688
624, 7730034688
602, 7730034688
609, 7730034688
620, 7730034688
610, 7730034688
624, 7730034688
612, 7730034688
615, 7730034688
616, 7730034688
607, 7730034688
617, 7730034688
620, 7730034688
622, 7730034688
606, 7730034688
615, 7730034688
625, 7730034688
606, 7730034688
603, 7730034688
612, 7730034688
614, 7730034688
618, 7730034688
609, 7730034688
610, 7730034688
623, 7730034688
621, 7730034688
623, 7730034688
615, 7730034688
612, 7730034688
627, 7730034688
608, 7730034688
615, 7730034688
624, 7730034688
612, 7730034688
613, 7730034688
627, 7730034688
628, 7730034688
623, 7730034688
613, 7730034688
619, 7730034688
628, 7730034688
617, 7730034688
627, 7730034688
628, 7730034688
618, 7730034688
606, 7730034688
608, 7730034688
617, 7730034688
603, 7730034688
609, 7730034688
627, 7730034688
619, 7730034688
614, 7730034688
619, 7730034688
628, 7730034688
618, 7730034688
619, 7730034688
602, 7730034688
616, 7730034688
625, 7730034688
605, 7730034688
624, 7730034688
626, 7730034688
611, 7730034688
613, 7730034688
621, 7730034688
619, 7730034688
620, 7730034688
612, 7730034688
614, 7730034688
610, 7730034688
611, 7730034688
606, 7730034688
613, 7730034688
616, 7730034688
611, 7730034688
624, 7730034688
615, 7730034688
621, 7730034688
618, 7730034688
610, 7730034688
611, 7730034688
615, 7730034688
610, 7730034688
615, 7730034688
625, 7730034688
607, 7730034688
617, 7730034688
624, 7730034688
618, 7730034688
613, 7730034688
623, 7730034688
625, 7730034688
619, 7730034688
622, 7730034688
616, 7730034688
611, 7730034688
612, 7730034688
619, 7730034688
621, 7730034688
612, 7730034688
620, 7730034688
612, 7730034688
619, 7730034688
615, 7730034688
618, 7730034688
623, 7730034688
628, 7730034688
618, 7730034688
614, 7730034688
612, 7730034688
615, 7730034688
614, 7730034688
623, 7730034688
620, 7730034688
621, 7730034688
615, 7730034688
616, 7730034688
617, 7730034688
629, 7730034688
619, 7730034688
615, 7730034688
624, 7730034688
625, 7730034688
612, 7730034688
615, 7730034688
625, 7730034688
613, 7730034688
617, 7730034688
618, 7730034688
614, 7730034688
622, 7730034688
602, 7730034688
609, 7730034688
611, 7730034688
614, 7730034688
614, 7730034688
619, 7730034688
624, 7730034688
622, 7730034688
618, 7730034688
622, 7730034688
613, 7730034688
618, 7730034688
626, 7730034688
613, 7730034688
614, 7730034688
610, 7730034688
621, 7730034688
610, 7730034688
623, 7730034688
617, 7730034688
