400, 4554304206
390, 4554304206
578, 4554304206
574, 4554304206
570, 4554304206
573, 4554304206
573, 4554304206
576, 4554304206
574, 4554304206
561, 4554304206
562, 4554304206
572, 4554304206
571, 4554304206
564, 4554304206
566, 4554304206
573, 4554304206
573, 4554304206
571, 4554304206
574, 4554304206
573, 4554304206
576, 4554304206
575, 4554304206
570, 4554304206
568, 4554304206
576, 4554304206
573, 4554304206
562, 4554304206
572, 4554304206
578, 4554304206
578, 4558977348
573, 4850359074
587, 4902979596
581, 4902979596
584, 4902979596
579, 4902979596
584, 4902979596
587, 4902979596
584, 4902979596
589, 4902979596
585, 4902979596
582, 4902979596
588, 4902979596
581, 4902979596
590, 4902979596
582, 4902979596
582, 4902979596
580, 4902979596
587, 4902979596
584, 4902979596
577, 4902979596
580, 4902979596
583, 4902979596
584, 4902979596
576, 4902979596
584, 4902979596
579, 4902979596
585, 4902979596
575, 4902979596
584, 4902979596
580, 4902979596
592, 4902979596
579, 4902979596
576, 4902979596
599, 4902979596
597, 4902979596
589, 4902979596
581, 4902979596
587, 4902979596
595, 4902979596
589, 4902979596
585, 4902979596
580, 4902979596
583, 4902979596
584, 4902979596
571, 4902979596
571, 4902979596
585, 4902979596
592, 4902979596
588, 4902979596
590, 4902979596
581, 4902979596
584, 4902979596
588, 4902979596
585, 4902979596
583, 4902979596
581, 4902979596
585, 4902979596
583, 4902979596
587, 4902979596
569, 4902979596
584, 4902979596
589, 4902979596
575, 4902979596
581, 4902979596
579, 4902979596
585, 4902979596
581, 4902979596
586, 4902979596
582, 4902979596
581, 4902979596
589, 4902979596
583, 4902979596
585, 4902979596
584, 4902979596
582, 4902979596
593, 4902979596
586, 4902979596
588, 4902979596
579, 4902979596
582, 4902979596
588, 4902979596
580, 4902979596
576, 4902979596
581, 4902979596
588, 4902979596
578, 4902979596
586, 4902979596
574, 4902979596
572, 4902979596
573, 4902979596
583, 4902979596
586, 4902979596
591, 4902979596
581, 4902979596
586, 4902979596
570, 4902979596
580, 4902979596
576, 4902979596
584, 4902979596
571, 4902979596
585, 4902979596
579, 4902979596
590, 4902979596
592, 4902979596
574, 4902979596
590, 4902979596
574, 4902979596
581, 4902979596
583, 4902979596
583, 4902979596
590, 4902979596
582, 4902979596
584, 4902979596
571, 4902979596
587, 4902979596
583, 4902979596
588, 4902979596
578, 4902979596
585, 4902979596
580, 4902979596
592, 4902979596
584, 4902979596
583, 4902979596
584, 4902979596
584, 4902979596
583, 4902979596
585, 4902979596
581, 4902979596
590, 4902979596
585, 4902979596
572, 4902979596
585, 4902979596
585, 4902979596
573, 4902979596
572, 4902979596
583, 4902979596
586, 4902979596
585, 4902979596
580, 4902979596
581, 4902979596
591, 4902979596
584, 4902979596
571, 4902979596
594, 4902979596
595, 4902979596
574, 4902979596
576, 4902979596
587, 4902979596
583, 4902979596
584, 4902979596
580, 4902979596
590, 4902979596
588, 4902979596
587, 4902979596
579, 4902979596
573, 4902979596
580, 4902979596
588, 4902979596
586, 4902979596
589, 4902979596
578, 4902979596
574, 4902979596
586, 4902979596
583, 4902979596
574, 4902979596
576, 4902979596
587, 4902979596
576, 4902979596
573, 4902979596
583, 4902979596
584, 4902979596
582, 4902979596
576, 4902979596
581, 4902979596
575, 4902979596
583, 4902979596
573, 4902979596
579, 4902979596
587, 4902979596
591, 4902979596
584, 4902979596
579, 4902979596
586, 4902979596
583, 4902979596
588, 4902979596
580, 4902979596
584, 4902979596
577, 4902979596
584, 4902979596
585, 4902979596
590, 4902979596
593, 4902979596
585, 4902979596
585, 4902979596
583, 4902979596
584, 4902979596
580, 4902979596
582, 4902979596
587, 4902979596
583, 4902979596
577, 4902979596
583, 4902979596
579, 4902979596
580, 4902979596
580, 4902979596
587, 4902979596
583, 4902979596
588, 4902979596
578, 4902979596
583, 4902979596
584, 4902979596
588, 4902979596
574, 4902979596
584, 4902979596
566, 4902979596
578, 4902979596
577, 4902979596
579, 4902979596
578, 4902979596
581, 4902979596
585, 4902979596
580, 4902979596
580, 4902979596
595, 4902979596
579, 4902979596
586, 4902979596
581, 4902979596
585, 4902979596
580, 4902979596
591, 4902979596
583, 4902979596
581, 4902979596
595, 4902979596
588, 4902979596
586, 4902979596
583, 4902979596
587, 4902979596
588, 4902979596
579, 4902979596
585, 4902979596
590, 4902979596
584, 4902979596
587, 4902979596
593, 4902979596
576, 4902979596
579, 4902979596
579, 4902979596
582, 4902979596
585, 4902979596
584, 4902979596
573, 4902979596
589, 4902979596
583, 4902979596
575, 4902979596
588, 4902979596
579, 4902979596
586, 4902979596
580, 4902979596
575, 4902979596
583, 4902979596
588, 4902979596
584, 4902979596
583, 4902979596
578, 4902979596
573, 4902979596
591, 4902979596
583, 4902979596
580, 4902979596
583, 4902979596
586, 4902979596
574, 4902979596
582, 4902979596
583, 4902979596
573, 4902979596
576, 4902979596
573, 4902979596
588, 4902979596
587, 4902979596
584, 4902979596
585, 4902979596
585, 4902979596
581, 4902979596
589, 4902979596
579, 4902979596
583, 4902979596
584, 4902979596
585, 4902979596
579, 4902979596
581, 4902979596
583, 4902979596
586, 4902979596
575, 4902979596
583, 4902979596
587, 4902979596
581, 4902979596
574, 4902979596
582, 4902979596
594, 4902979596
579, 4902979596
581, 4902979596
577, 4902979596
580, 4902979596
590, 4902979596
573, 4902979596
579, 4902979596
590, 4902979596
584, 4902979596
590, 4902979596
589, 4902979596
585, 4902979596
583, 4902979596
581, 4902979596
582, 4902979596
588, 4902979596
580, 4902979596
588, 4902979596
580, 4902979596
584, 4902979596
582, 4902979596
588, 4902979596
581, 4902979596
583, 4902979596
585, 4902979596
577, 4902979596
