558, 4554172372
556, 4554172372
555, 4554172372
556, 4554172372
557, 4554172372
558, 4554172372
558, 4554172372
557, 4554172372
559, 4554172372
559, 4554172372
563, 4554172372
552, 4554172372
558, 4554172372
554, 4554172372
562, 4554172372
555, 4554172372
553, 4554172372
556, 4554172372
555, 4554172372
560, 4554172372
552, 4554172372
554, 4554172372
554, 4554172372
558, 4554172372
552, 4554172372
550, 4554172372
552, 4554172372
554, 4554172372
555, 4554172372
557, 4554172372
552, 4554172372
558, 4554172372
555, 4554172372
556, 4554172372
553, 4554172372
558, 4554172372
552, 4554172372
553, 4554172372
548, 4554172372
555, 4554172372
559, 4554172372
556, 4554172372
555, 4554172372
553, 4554172372
556, 4554172372
558, 4554172372
557, 4554172372
557, 4554172372
559, 4554172372
556, 4554172372
566, 4554172372
552, 4554172372
545, 4554172372
559, 4554172372
558, 4554172372
551, 4554172372
556, 4554172372
556, 4554172372
560, 4554172372
557, 4554172372
556, 4554172372
554, 4554172372
555, 4554172372
552, 4554172372
550, 4554172372
553, 4554172372
559, 4554172372
559, 4554172372
557, 4554172372
559, 4554172372
559, 4554172372
555, 4554172372
554, 4554172372
558, 4554172372
550, 4554172372
557, 4554172372
561, 4554172372
559, 4554172372
558, 4554172372
552, 4554172372
557, 4554172372
557, 4554172372
561, 4554172372
546, 4554172372
558, 4554172372
559, 4554172372
554, 4554172372
558, 4554172372
560, 4554172372
559, 4554172372
556, 4554172372
562, 4554172372
550, 4554172372
551, 4554172372
561, 4554172372
550, 4554172372
551, 4554172372
551, 4554172372
556, 4554172372
561, 4554172372
556, 4554172372
554, 4554172372
559, 4554172372
551, 4554172372
553, 4554172372
555, 4554172372
558, 4554172372
551, 4554172372
560, 4554172372
554, 4554172372
561, 4554172372
555, 4554172372
554, 4554172372
559, 4554172372
556, 4554172372
558, 4554172372
557, 4554172372
554, 4554172372
555, 4554172372
554, 4554172372
555, 4554172372
548, 4554172372
556, 4554172372
556, 4554172372
559, 4554172372
555, 4554172372
558, 4554172372
564, 4554172372
556, 4554172372
557, 4554172372
551, 4554172372
555, 4554172372
555, 4554172372
557, 4554172372
550, 4554172372
551, 4554172372
556, 4554172372
556, 4554172372
554, 4554172372
549, 4554172372
551, 4554172372
556, 4554172372
556, 4554172372
555, 4554172372
557, 4554172372
556, 4554172372
548, 4554172372
555, 4554172372
559, 4554172372
554, 4554172372
555, 4554172372
554, 4554172372
555, 4554172372
556, 4554172372
553, 4554172372
554, 4554172372
554, 4554172372
553, 4554172372
557, 4554172372
547, 4554172372
554, 4554172372
558, 4554172372
553, 4554172372
551, 4554172372
552, 4554172372
560, 4554172372
556, 4554172372
550, 4554172372
562, 4554172372
555, 4554172372
547, 4554172372
560, 4554172372
555, 4554172372
556, 4554172372
546, 4554172372
547, 4554172372
556, 4554172372
558, 4554172372
561, 4554172372
555, 4554172372
557, 4554172372
554, 4554172372
555, 4554172372
557, 4554172372
547, 4554172372
542, 4554172372
556, 4554172372
556, 4554172372
559, 4554172372
551, 4554172372
554, 4554172372
552, 4554172372
555, 4554172372
558, 4554172372
552, 4554172372
556, 4554172372
556, 4554172372
563, 4554172372
552, 4554172372
552, 4554172372
554, 4554172372
555, 4554172372
552, 4554172372
555, 4554172372
549, 4554172372
553, 4554172372
555, 4554172372
557, 4554172372
556, 4554172372
556, 4554172372
558, 4554172372
557, 4554172372
554, 4554172372
552, 4554172372
550, 4554172372
559, 4554172372
556, 4554172372
552, 4554172372
556, 4554172372
555, 4554172372
560, 4554172372
553, 4554172372
556, 4554172372
555, 4554172372
543, 4554172372
552, 4554172372
552, 4554172372
558, 4554172372
558, 4554172372
551, 4554172372
552, 4554172372
555, 4554172372
552, 4554172372
555, 4554172372
557, 4554172372
557, 4554172372
552, 4554172372
556, 4554172372
558, 4554172372
553, 4554172372
560, 4554172372
559, 4554172372
557, 4554172372
562, 4554172372
554, 4554172372
560, 4554172372
543, 4554172372
557, 4554172372
554, 4554172372
557, 4554172372
561, 4554172372
554, 4554172372
553, 4554172372
553, 4554172372
551, 4554172372
555, 4554172372
554, 4554172372
549, 4554172372
560, 4554172372
557, 4554172372
557, 4554172372
559, 4554172372
556, 4554172372
558, 4554172372
553, 4554172372
555, 4554172372
559, 4554172372
552, 4554172372
558, 4554172372
557, 4554172372
565, 4554172372
553, 4554172372
549, 4554172372
549, 4554172372
552, 4554172372
553, 4554172372
556, 4554172372
560, 4554172372
559, 4554172372
559, 4554172372
556, 4554172372
560, 4554172372
553, 4554172372
557, 4554172372
551, 4554172372
562, 4554172372
566, 4554172372
552, 4554172372
550, 4554172372
555, 4554172372
559, 4554172372
549, 4554172372
555, 4554172372
549, 4554172372
552, 4554172372
554, 4554172372
553, 4554172372
553, 4554172372
558, 4554172372
554, 4554172372
559, 4554172372
554, 4554172372
553, 4554172372
553, 4554172372
561, 4554172372
554, 4554172372
555, 4554172372
559, 4554172372
560, 4554172372
550, 4554172372
560, 4554172372
557, 4554172372
557, 4554172372
551, 4554172372
562, 4554172372
555, 4554172372
552, 4554172372
556, 4554172372
557, 4554172372
557, 4554172372
565, 4554172372
554, 4554172372
561, 4554172372
556, 4554172372
554, 4554172372
552, 4554172372
550, 4554172372
558, 4554172372
557, 4554172372
558, 4554172372
558, 4554172372
553, 4554172372
557, 4554172372
559, 4554172372
557, 4554172372
553, 4554172372
555, 4554172372
549, 4554172372
554, 4554172372
553, 4554172372
559, 4554172372
563, 4554172372
558, 4554172372
557, 4554172372
558, 4554172372
563, 4554172372
552, 4554172372
548, 4554172372
558, 4554172372
557, 4554172372
561, 4554172372
560, 4554172372
555, 4554172372
556, 4554172372
