619, 7730034688
613, 7730034688
615, 7730034688
617, 7730034688
609, 7730034688
613, 7730034688
603, 7730034688
611, 7730034688
614, 7730034688
607, 7728657355
516, 7032438696
506, 6564765639
504, 5931564060
510, 5305740456
546, 4902979596
594, 4902979596
591, 4902979596
584, 4902979596
586, 4902979596
593, 4902979596
598, 4902979596
599, 4902979596
596, 4902979596
601, 4902979596
599, 4902979596
599, 4902979596
605, 4902979596
603, 4902979596
596, 4902979596
594, 4902979596
601, 4902979596
586, 4902979596
584, 4902979596
596, 4902979596
591, 4902979596
594, 4902979596
593, 4902979596
594, 4902979596
577, 4902979596
594, 4902979596
587, 4902979596
586, 4902979596
585, 4902979596
591, 4902979596
594, 4902979596
608, 4902979596
595, 4902979596
598, 4902979596
593, 4902979596
586, 4902979596
599, 4902979596
600, 4902979596
594, 4902979596
582, 4902979596
594, 4902979596
591, 4902979596
585, 4902979596
594, 4902979596
600, 4902979596
587, 4902979596
591, 4902979596
594, 4902979596
590, 4902979596
592, 4902979596
594, 4902979596
587, 4902979596
586, 4902979596
586, 4902979596
597, 4902979596
602, 4902979596
596, 4902979596
593, 4902979596
597, 4902979596
598, 4902979596
604, 4902979596
588, 4902979596
599, 4902979596
592, 4902979596
583, 4902979596
588, 4902979596
594, 4902979596
600, 4902979596
589, 4902979596
601, 4902979596
597, 4902979596
598, 4902979596
594, 4902979596
596, 4902979596
596, 4902979596
602, 4902979596
595, 4902979596
594, 4902979596
587, 4902979596
598, 4902979596
594, 4902979596
598, 4902979596
591, 4902979596
585, 4902979596
597, 4902979596
604, 4902979596
594, 4902979596
597, 4902979596
589, 4902979596
592, 4902979596
592, 4902979596
600, 4902979596
592, 4902979596
600, 4902979596
599, 4902979596
603, 4902979596
597, 4902979596
585, 4902979596
592, 4902979596
591, 4902979596
593, 4902979596
592, 4902979596
591, 4902979596
586, 4902979596
601, 4902979596
602, 4902979596
600, 4902979596
591, 4902979596
603, 4902979596
602, 4902979596
596, 4902979596
597, 4902979596
584, 4902979596
586, 4902979596
600, 4902979596
598, 4902979596
588, 4902979596
593, 4902979596
587, 4902979596
586, 4902979596
600, 4902979596
595, 4902979596
586, 4902979596
596, 4902979596
583, 4902979596
586, 4902979596
591, 4902979596
596, 4902979596
580, 4902979596
589, 4902979596
590, 4902979596
600, 4902979596
596, 4902979596
582, 4902979596
595, 4902979596
601, 4902979596
589, 4902979596
589, 4902979596
601, 4902979596
605, 4902979596
605, 4902979596
585, 4902979596
586, 4902979596
584, 4902979596
591, 4902979596
591, 4902979596
600, 4902979596
588, 4902979596
604, 4902979596
592, 4902979596
594, 4902979596
586, 4902979596
580, 4902979596
591, 4902979596
596, 4902979596
588, 4902979596
591, 4902979596
587, 4902979596
592, 4902979596
596, 4902979596
598, 4902979596
590, 4902979596
606, 4902979596
590, 4902979596
592, 4902979596
588, 4902979596
595, 4902979596
592, 4902979596
594, 4902979596
585, 4902979596
594, 4902979596
608, 4902979596
603, 4902979596
587, 4902979596
587, 4902979596
598, 4902979596
583, 4902979596
588, 4902979596
591, 4902979596
591, 4902979596
591, 4902979596
594, 4902979596
590, 4902979596
584, 4902979596
586, 4902979596
586, 4902979596
584, 4902979596
598, 4902979596
596, 4902979596
599, 4902979596
594, 4902979596
588, 4902979596
590, 4902979596
590, 4902979596
582, 4902979596
606, 4902979596
593, 4902979596
595, 4902979596
595, 4902979596
592, 4902979596
595, 4902979596
600, 4902979596
599, 4902979596
587, 4902979596
585, 4902979596
598, 4902979596
595, 4902979596
599, 4902979596
587, 4902979596
585, 4902979596
597, 4902979596
593, 4902979596
590, 4902979596
586, 4902979596
584, 4902979596
581, 4902979596
601, 4902979596
592, 4902979596
586, 4902979596
595, 4902979596
593, 4902979596
599, 4902979596
606, 4902979596
595, 4902979596
581, 4902979596
591, 4902979596
581, 4902979596
596, 4902979596
594, 4902979596
611, 4902979596
593, 4902979596
593, 4902979596
595, 4902979596
577, 4902979596
596, 4902979596
591, 4902979596
600, 4902979596
598, 4902979596
584, 4902979596
592, 4902979596
593, 4902979596
594, 4902979596
604, 4902979596
602, 4902979596
600, 4902979596
596, 4902979596
591, 4902979596
590, 4902979596
586, 4902979596
586, 4902979596
582, 4902979596
590, 4902979596
594, 4902979596
595, 4902979596
585, 4902979596
597, 4902979596
590, 4902979596
605, 4902979596
592, 4902979596
593, 4902979596
591, 4902979596
581, 4902979596
602, 4902979596
582, 4902979596
588, 4902979596
583, 4902979596
584, 4902979596
596, 4902979596
595, 4902979596
591, 4902979596
588, 4902979596
587, 4902979596
594, 4902979596
589, 4902979596
594, 4902979596
592, 4902979596
588, 4902979596
584, 4902979596
602, 4902979596
593, 4902979596
593, 4902979596
588, 4902979596
595, 4902979596
590, 4902979596
588, 4902979596
583, 4902979596
597, 4902979596
592, 4902979596
585, 4902979596
587, 4902979596
599, 4902979596
602, 4902979596
580, 4902979596
583, 4902979596
581, 4902979596
587, 4902979596
597, 4902979596
598, 4902979596
589, 4902979596
592, 4902979596
601, 4902979596
592, 4902979596
593, 4902979596
589, 4902979596
593, 4902979596
606, 4902979596
588, 4902979596
586, 4902979596
601, 4902979596
608, 4902979596
591, 4902979596
585, 4902979596
590, 4902979596
600, 4902979596
595, 4902979596
595, 4902979596
592, 4902979596
593, 4902979596
594, 4902979596
589, 4902979596
590, 4902979596
595, 4902979596
594, 4902979596
597, 4902979596
599, 4902979596
602, 4902979596
600, 4902979596
594, 4902979596
595, 4902979596
596, 4902979596
598, 4902979596
592, 4902979596
593, 4902979596
586, 4902979596
594, 4902979596
585, 4902979596
596, 4902979596
597, 4902979596
593, 4902979596
577, 4902979596
