544, 7729800312
555, 7729800312
553, 7729800312
550, 7729800312
548, 7729800312
549, 7729800312
554, 7729800312
551, 7729800312
555, 7729800312
551, 7729800312
558, 7729800312
551, 7729800312
546, 7729800312
550, 7729800312
553, 7729800312
554, 7729800312
546, 7729800312
550, 7729800312
559, 7729800312
556, 7729800312
560, 7729800312
558, 7729800312
552, 7729800312
547, 7729800312
553, 7729800312
553, 7729800312
552, 7729800312
550, 7729800312
553, 7729800312
551, 7729800312
556, 7729800312
547, 7729800312
553, 7729800312
553, 7729800312
552, 7729800312
603, 7729800312
600, 7729800312
614, 7729800312
605, 7729800312
603, 7729800312
610, 7729800312
616, 7729800312
603, 7729800312
609, 7729800312
602, 7729800312
607, 7729800312
606, 7729800312
604, 7729800312
592, 7729800312
613, 7729800312
614, 7729800312
611, 7729800312
600, 7729800312
611, 7729800312
602, 7729800312
599, 7729800312
612, 7729800312
607, 7729800312
610, 7729800312
611, 7729800312
608, 7729800312
604, 7729800312
606, 7729800312
610, 7729800312
607, 7729800312
604, 7729800312
608, 7729800312
609, 7729800312
614, 7729800312
606, 7729800312
597, 7729800312
610, 7729800312
613, 7729800312
604, 7729800312
614, 7729800312
599, 7729800312
597, 7729800312
614, 7729800312
602, 7729800312
596, 7729800312
611, 7729800312
607, 7729800312
606, 7729800312
604, 7729800312
596, 7729800312
603, 7729800312
603, 7729800312
600, 7729800312
599, 7729800312
609, 7729800312
615, 7729800312
607, 7729800312
593, 7729800312
611, 7729800312
605, 7729800312
603, 7729800312
612, 7729800312
616, 7729800312
609, 7729800312
553, 7729800312
553, 7729800312
559, 7729800312
552, 7729800312
550, 7729800312
558, 7729800312
550, 7729800312
549, 7729800312
555, 7729800312
558, 7729800312
554, 7729800312
550, 7729800312
553, 7729800312
551, 7729800312
552, 7729800312
553, 7729800312
550, 7729800312
551, 7729800312
549, 7729800312
551, 7729800312
555, 7729800312
548, 7729800312
547, 7729800312
548, 7729800312
552, 7729800312
543, 7729800312
554, 7729800312
547, 7729800312
551, 7729800312
548, 7729800312
550, 7729800312
551, 7729800312
553, 7729800312
548, 7729800312
552, 7729800312
604, 7729800312
605, 7729800312
611, 7729800312
609, 7729800312
604, 7729800312
607, 7729800312
606, 7729800312
605, 7729800312
601, 7729800312
610, 7729800312
608, 7729800312
600, 7729800312
616, 7729800312
607, 7729800312
612, 7729800312
613, 7729800312
606, 7729800312
604, 7729800312
613, 7729800312
608, 7729800312
609, 7729800312
608, 7729800312
607, 7729800312
613, 7729800312
618, 7729800312
608, 7729800312
610, 7729800312
599, 7729800312
610, 7729800312
614, 7729800312
610, 7729800312
613, 7729800312
595, 7729800312
614, 7729800312
616, 7729800312
603, 7729800312
611, 7729800312
609, 7729800312
604, 7729800312
596, 7729800312
604, 7729800312
602, 7729800312
608, 7729800312
598, 7729800312
612, 7729800312
606, 7729800312
610, 7729800312
594, 7729800312
609, 7729800312
602, 7729800312
602, 7729800312
614, 7729800312
599, 7729800312
613, 7729800312
614, 7729800312
609, 7729800312
617, 7729800312
612, 7729800312
607, 7729800312
601, 7729800312
598, 7729800312
611, 7729800312
616, 7729800312
602, 7729800312
553, 7729800312
553, 7729800312
560, 7729800312
552, 7729800312
547, 7729800312
557, 7729800312
559, 7729800312
552, 7729800312
557, 7729800312
560, 7729800312
552, 7729800312
555, 7729800312
551, 7729800312
555, 7729800312
557, 7729800312
555, 7729800312
556, 7729800312
551, 7729800312
553, 7729800312
550, 7729800312
550, 7729800312
555, 7729800312
551, 7729800312
551, 7729800312
554, 7729800312
550, 7729800312
550, 7729800312
554, 7729800312
554, 7729800312
553, 7729800312
554, 7729800312
552, 7729800312
554, 7729800312
552, 7729800312
551, 7729800312
596, 7729800312
603, 7729800312
604, 7729800312
599, 7729800312
607, 7729800312
613, 7729800312
613, 7729800312
607, 7729800312
610, 7729800312
609, 7729800312
598, 7729800312
601, 7729800312
604, 7729800312
605, 7729800312
611, 7729800312
611, 7729800312
603, 7729800312
610, 7729800312
616, 7729800312
605, 7729800312
604, 7729800312
611, 7729800312
612, 7729800312
605, 7729800312
608, 7729800312
601, 7729800312
610, 7729800312
610, 7729800312
615, 7729800312
601, 7729800312
613, 7729800312
614, 7729800312
607, 7729800312
611, 7729800312
612, 7729800312
599, 7729800312
603, 7729800312
616, 7729800312
605, 7729800312
607, 7729800312
610, 7729800312
608, 7729800312
610, 7729800312
604, 7729800312
606, 7729800312
602, 7729800312
609, 7729800312
607, 7729800312
615, 7729800312
614, 7729800312
591, 7729800312
605, 7729800312
611, 7729800312
599, 7729800312
606, 7729800312
600, 7729800312
601, 7729800312
604, 7729800312
614, 7729800312
613, 7729800312
614, 7729800312
604, 7729800312
609, 7729800312
605, 7729800312
553, 7729800312
558, 7729800312
555, 7729800312
556, 7729800312
547, 7729800312
548, 7729800312
561, 7729800312
559, 7729800312
554, 7729800312
549, 7729800312
556, 7729800312
552, 7729800312
551, 7729800312
554, 7729800312
553, 7729800312
549, 7729800312
557, 7729800312
552, 7729800312
555, 7729800312
553, 7729800312
552, 7729800312
555, 7729800312
557, 7729800312
557, 7729800312
551, 7729800312
550, 7729800312
553, 7729800312
552, 7729800312
553, 7729800312
550, 7729800312
554, 7729800312
547, 7729800312
553, 7729800312
558, 7729800312
555, 7729800312
606, 7729800312
600, 7729800312
612, 7729800312
603, 7729800312
605, 7729800312
608, 7729800312
599, 7729800312
606, 7729800312
616, 7729800312
604, 7729800312
607, 7729800312
604, 7729800312
613, 7729800312
615, 7729800312
600, 7729800312
605, 7729800312
603, 7729800312
610, 7729800312
604, 7729800312
606, 7729800312
604, 7729800312
611, 7729800312
612, 7729800312
610, 7729800312
608, 7729800312
602, 7729800312
606, 7729800312
618, 7729800312
593, 7729800312
597, 7729800312
594, 7729800312
614, 7729800312
603, 7729800312
602, 7729800312
606, 7729800312
614, 7729800312
606, 7729800312
599, 7729800312
606, 7729800312
612, 7729800312
615, 7729800312
611, 7729800312
608, 7729800312
613, 7729800312
618, 7729800312
613, 7729800312
607, 7729800312
605, 7729800312
607, 7729800312
598, 7729800312
602, 7729800312
610, 7729800312
603, 7729800312
597, 7729800312
604, 7729800312
613, 7729800312
603, 7729800312
606, 7729800312
599, 7729800312
609, 7729800312
606, 7729800312
604, 7729800312
610, 7729800312
606, 7729800312
552, 7729800312
553, 7729800312
550, 7729800312
554, 7729800312
559, 7729800312
554, 7729800312
553, 7729800312
556, 7729800312
555, 7729800312
555, 7729800312
550, 7729800312
550, 7729800312
552, 7729800312
557, 7729800312
551, 7729800312
557, 7729800312
553, 7729800312
551, 7729800312
553, 7729800312
551, 7729800312
550, 7729800312
552, 7729800312
553, 7729800312
547, 7729800312
545, 7729800312
552, 7729800312
558, 7729800312
553, 7729800312
545, 7729800312
549, 7729800312
551, 7729800312
548, 7729800312
556, 7729800312
551, 7729800312
559, 7729800312
615, 7729800312
612, 7729800312
607, 7729800312
591, 7729800312
601, 7729800312
602, 7729800312
600, 7729800312
608, 7729800312
601, 7729800312
603, 7729800312
603, 7729800312
597, 7729800312
609, 7729800312
603, 7729800312
605, 7729800312
611, 7729800312
603, 7729800312
610, 7729800312
618, 7729800312
610, 7729800312
614, 7729800312
604, 7729800312
602, 7729800312
599, 7729800312
601, 7729800312
610, 7729800312
593, 7729800312
596, 7729800312
616, 7729800312
593, 7729800312
595, 7729800312
599, 7729800312
608, 7729800312
606, 7729800312
601, 7729800312
610, 7729800312
600, 7729800312
602, 7729800312
609, 7729800312
617, 7729800312
598, 7729800312
614, 7729800312
609, 7729800312
602, 7729800312
604, 7729800312
606, 7729800312
609, 7729800312
595, 7729800312
610, 7729800312
591, 7729800312
597, 7729800312
596, 7729800312
609, 7729800312
602, 7729800312
603, 7729800312
603, 7729800312
604, 7729800312
602, 7729800312
604, 7729800312
609, 7729800312
609, 7729800312
593, 7729800312
602, 7729800312
615, 7729800312
553, 7729800312
553, 7729800312
553, 7729800312
557, 7729800312
557, 7729800312
554, 7729800312
552, 7729800312
550, 7729800312
550, 7729800312
553, 7729800312
549, 7729800312
549, 7729800312
555, 7729800312
555, 7729800312
553, 7729800312
557, 7729800312
556, 7729800312
550, 7729800312
557, 7729800312
549, 7729800312
544, 7729800312
556, 7729800312
558, 7729800312
559, 7729800312
554, 7729800312
556, 7729800312
556, 7729800312
553, 7729800312
558, 7729800312
559, 7729800312
559, 7729800312
555, 7729800312
555, 7729800312
553, 7729800312
555, 7729800312
603, 7729800312
600, 7729800312
604, 7729800312
603, 7729800312
608, 7729800312
591, 7729800312
616, 7729800312
605, 7729800312
592, 7729800312
602, 7729800312
606, 7729800312
615, 7729800312
612, 7729800312
611, 7729800312
609, 7729800312
602, 7729800312
596, 7729800312
598, 7729800312
604, 7729800312
611, 7729800312
599, 7729800312
609, 7729800312
609, 7729800312
605, 7729800312
605, 7729800312
600, 7729800312
602, 7729800312
617, 7729800312
609, 7729800312
601, 7729800312
610, 7729800312
606, 7729800312
608, 7729800312
606, 7729800312
608, 7729800312
595, 7729800312
601, 7729800312
597, 7729800312
600, 7729800312
607, 7729800312
598, 7729800312
606, 7729800312
618, 7729800312
599, 7729800312
606, 7729800312
603, 7729800312
600, 7729800312
603, 7729800312
604, 7729800312
607, 7729800312
602, 7729800312
611, 7729800312
606, 7729800312
591, 7729800312
611, 7729800312
608, 7729800312
607, 7729800312
601, 7729800312
609, 7729800312
604, 7729800312
606, 7729800312
606, 7729800312
613, 7729800312
600, 7729800312
