535, 7729800312
552, 7729800312
551, 7729800312
550, 7729800312
551, 7729800312
547, 7729800312
549, 7729800312
557, 7729800312
555, 7729800312
552, 7729750691
498, 7490548044
497, 7286809956
498, 7140512094
496, 6914568130
494, 6708628000
498, 6428360826
505, 6186174133
542, 6186174133
544, 6186174133
538, 6186174133
538, 6186174133
532, 6186174133
534, 6186174133
539, 6186174133
548, 6186174133
544, 6186174133
537, 6186174133
544, 6186174133
547, 6186174133
544, 6186174133
539, 6186174133
547, 6186174133
541, 6186174133
531, 6186174133
544, 6186174133
525, 6186174133
523, 6186174133
526, 6186174133
526, 6186174133
527, 6186174133
526, 6186174133
524, 6186174133
524, 6186174133
519, 6186174133
525, 6186174133
524, 6186174133
529, 6186190517
556, 6186190517
548, 6186190517
555, 6186190517
550, 6186190517
553, 6186190517
550, 6186190517
549, 6186190517
560, 6186190517
551, 6186190517
549, 6186190517
551, 6186190517
548, 6186190517
553, 6186190517
552, 6186190517
552, 6186190517
556, 6186190517
557, 6186190517
546, 6186190517
547, 6186190517
553, 6186190517
548, 6186190517
551, 6186190517
553, 6186190517
547, 6186190517
558, 6186190517
551, 6186190517
554, 6186190517
555, 6186190517
550, 6186190517
549, 6186190517
557, 6186190517
554, 6186190517
553, 6186190517
544, 6186190517
557, 6186190517
551, 6186190517
556, 6186190517
553, 6186190517
549, 6186190517
553, 6186190517
548, 6186190517
557, 6186190517
553, 6186190517
550, 6186190517
546, 6186190517
554, 6186190517
545, 6186190517
550, 6186190517
551, 6186190517
552, 6186190517
556, 6186190517
555, 6186190517
513, 6186190517
514, 6186190517
516, 6186190517
516, 6186190517
515, 6186190517
514, 6186190517
518, 6186206893
537, 6186206893
548, 6186206893
544, 6186206893
544, 6186206893
545, 6186206893
542, 6186206893
549, 6186206893
546, 6186206893
541, 6186206893
543, 6186206893
542, 6186206893
540, 6186206893
541, 6186206893
544, 6186206893
545, 6186206893
547, 6186206893
544, 6186206893
543, 6186206893
548, 6186206893
544, 6186206893
546, 6186206893
549, 6186206893
546, 6186206893
546, 6186206893
542, 6186206893
542, 6186206893
545, 6186206893
543, 6186206893
527, 6186206893
528, 6186206893
526, 6186206893
528, 6186206893
530, 6186206893
531, 6186206893
529, 6186206893
524, 6186206893
510, 6186206893
530, 6186206893
527, 6186206893
529, 6186206893
553, 6186206893
555, 6186206893
551, 6186206893
556, 6186206893
555, 6186206893
551, 6186206893
556, 6186206893
552, 6186206893
553, 6186206893
557, 6186206893
554, 6186206893
555, 6186206893
559, 6186206893
557, 6186206893
550, 6186206893
558, 6186206893
559, 6186206893
555, 6186206893
552, 6186206893
555, 6186206893
553, 6186206893
552, 6186206893
551, 6186206893
553, 6186206893
554, 6186206893
555, 6186206893
547, 6186206893
557, 6186206893
553, 6186206893
554, 6186206893
551, 6186206893
556, 6186206893
552, 6186206893
555, 6186206893
549, 6186206893
549, 6186206893
551, 6186206893
548, 6186206893
552, 6186206893
548, 6186206893
552, 6186206893
549, 6186206893
551, 6186206893
552, 6186206893
551, 6186206893
554, 6186206893
545, 6186206893
555, 6186206893
550, 6186206893
550, 6186206893
547, 6186206893
551, 6186206893
517, 6186206893
520, 6186206893
517, 6186206893
518, 6186206893
520, 6186206893
519, 6186206893
520, 6186206893
544, 6186206893
539, 6186206893
546, 6186206893
546, 6186206893
540, 6186206893
541, 6186206893
546, 6186206893
542, 6186206893
542, 6186206893
542, 6186206893
542, 6186206893
541, 6186206893
542, 6186206893
543, 6186206893
543, 6186206893
539, 6186206893
547, 6186206893
543, 6186206893
541, 6186206893
541, 6186206893
544, 6186206893
544, 6186206893
545, 6186206893
544, 6186206893
549, 6186206893
541, 6186206893
541, 6186206893
554, 6186206893
528, 6186206893
529, 6186206893
526, 6186206893
529, 6186206893
530, 6186206893
528, 6186206893
529, 6186206893
527, 6186206893
529, 6186206893
527, 6186206893
529, 6186206893
530, 6186206893
549, 6186206893
555, 6186206893
551, 6186206893
553, 6186206893
556, 6186206893
548, 6186206893
554, 6186206893
553, 6186206893
552, 6186206893
557, 6186206893
556, 6186206893
551, 6186206893
551, 6186206893
552, 6186206893
553, 6186206893
554, 6186206893
553, 6186206893
554, 6186206893
560, 6186206893
554, 6186206893
557, 6186206893
556, 6186206893
557, 6186206893
551, 6186206893
551, 6186206893
555, 6186206893
551, 6186206893
555, 6186206893
553, 6186206893
555, 6186206893
552, 6186206893
554, 6186206893
548, 6186206893
552, 6186206893
557, 6186206893
555, 6186206893
553, 6186206893
555, 6186206893
552, 6186206893
553, 6186206893
554, 6186206893
554, 6186206893
551, 6186206893
556, 6186206893
553, 6186206893
550, 6186206893
550, 6186206893
553, 6186206893
552, 6186206893
549, 6186206893
552, 6186206893
548, 6186206893
512, 6186206893
512, 6186206893
510, 6186206893
512, 6186206893
512, 6186206893
510, 6186206893
511, 6186206893
541, 6186206893
541, 6186206893
540, 6186206893
544, 6186206893
548, 6186206893
537, 6186206893
537, 6186206893
536, 6186206893
538, 6186206893
537, 6186206893
540, 6186206893
538, 6186206893
539, 6186206893
535, 6186206893
542, 6186206893
545, 6186206893
541, 6186206893
537, 6186206893
545, 6186206893
540, 6186206893
538, 6186206893
544, 6186206893
544, 6186206893
548, 6186206893
541, 6186206893
547, 6186206893
541, 6186206893
539, 6186206893
527, 6186206893
529, 6186206893
529, 6186206893
529, 6186206893
529, 6186206893
529, 6186206893
526, 6186206893
528, 6186206893
527, 6186206893
529, 6186206893
529, 6186206893
527, 6186206893
552, 6186206893
552, 6186206893
553, 6186206893
553, 6186206893
551, 6186206893
554, 6186206893
549, 6186206893
555, 6186206893
558, 6186206893
545, 6186206893
551, 6186206893
554, 6186206893
556, 6186206893
556, 6186206893
554, 6186206893
546, 6186206893
554, 6186206893
547, 6186206893
550, 6186206893
554, 6186206893
543, 6186206893
548, 6186206893
545, 6186206893
556, 6186206893
557, 6186206893
552, 6186206893
554, 6186206893
553, 6186206893
552, 6186206893
549, 6186206893
551, 6186206893
550, 6186206893
554, 6186206893
551, 6186206893
555, 6186206893
550, 6186206893
548, 6186206893
549, 6186206893
554, 6186206893
548, 6186206893
551, 6186206893
555, 6186206893
554, 6186206893
553, 6186206893
554, 6186206893
555, 6186206893
553, 6186206893
552, 6186206893
552, 6186206893
551, 6186206893
554, 6186206893
557, 6186206893
510, 6186206893
508, 6186206893
512, 6186206893
508, 6186206893
512, 6186206893
513, 6186206893
511, 6186206893
541, 6186206893
542, 6186206893
543, 6186206893
548, 6186206893
539, 6186206893
538, 6186206893
537, 6186206893
543, 6186206893
543, 6186206893
540, 6186206893
538, 6186206893
538, 6186206893
539, 6186206893
539, 6186206893
534, 6186206893
537, 6186206893
539, 6186206893
540, 6186206893
544, 6186206893
540, 6186206893
537, 6186206893
540, 6186206893
549, 6186206893
544, 6186206893
547, 6186206893
542, 6186206893
540, 6186206893
537, 6186206893
527, 6186206893
529, 6186206893
527, 6186206893
527, 6186206893
526, 6186206893
527, 6186206893
526, 6186206893
527, 6186206893
527, 6186206893
525, 6186206893
528, 6186206893
528, 6186206893
550, 6186206893
550, 6186206893
548, 6186206893
549, 6186206893
557, 6186206893
557, 6186206893
555, 6186206893
554, 6186206893
554, 6186206893
562, 6186206893
550, 6186206893
554, 6186206893
553, 6186206893
549, 6186206893
552, 6186206893
554, 6186206893
556, 6186206893
555, 6186206893
550, 6186206893
554, 6186206893
554, 6186206893
556, 6186206893
551, 6186206893
552, 6186206893
549, 6186206893
563, 6186206893
549, 6186206893
557, 6186206893
554, 6186206893
553, 6186206893
546, 6186206893
556, 6186206893
554, 6186206893
549, 6186206893
559, 6186206893
556, 6186206893
554, 6186206893
556, 6186206893
545, 6186206893
552, 6186206893
556, 6186206893
545, 6186206893
555, 6186206893
552, 6186206893
555, 6186206893
552, 6186206893
554, 6186206893
554, 6186206893
548, 6186206893
547, 6186206893
551, 6186206893
552, 6186206893
513, 6186206893
510, 6186206893
510, 6186206893
511, 6186206893
513, 6186206893
513, 6186206893
513, 6186206893
542, 6186206893
541, 6186206893
537, 6186206893
539, 6186206893
546, 6186206893
539, 6186206893
543, 6186206893
545, 6186206893
544, 6186206893
547, 6186206893
545, 6186206893
547, 6186206893
542, 6186206893
542, 6186206893
547, 6186206893
545, 6186206893
545, 6186206893
545, 6186206893
549, 6186206893
545, 6186206893
542, 6186206893
543, 6186206893
543, 6186206893
543, 6186206893
544, 6186206893
542, 6186206893
536, 6186206893
541, 6186206893
526, 6186206893
528, 6186206893
527, 6186206893
526, 6186206893
527, 6186206893
527, 6186206893
526, 6186206893
526, 6186206893
526, 6186206893
529, 6186206893
527, 6186206893
527, 6186206893
544, 6186206893
549, 6186206893
555, 6186206893
553, 6186206893
549, 6186206893
554, 6186206893
553, 6186206893
553, 6186206893
555, 6186206893
553, 6186206893
554, 6186206893
549, 6186206893
553, 6186206893
549, 6186206893
555, 6186206893
558, 6186206893
551, 6186206893
553, 6186206893
554, 6186206893
555, 6186206893
557, 6186206893
551, 6186206893
559, 6186206893
556, 6186206893
550, 6186206893
553, 6186206893
550, 6186206893
557, 6186206893
549, 6186206893
554, 6186206893
551, 6186206893
557, 6186206893
553, 6186206893
551, 6186206893
557, 6186206893
550, 6186206893
554, 6186206893
557, 6186206893
540, 6186206893
552, 6186206893
558, 6186206893
550, 6186206893
557, 6186206893
557, 6186206893
551, 6186206893
548, 6186206893
548, 6186206893
556, 6186206893
547, 6186206893
550, 6186206893
558, 6186206893
550, 6186206893
