529, 6423777534
537, 6423777534
537, 6423777534
537, 6423777534
535, 6423777534
537, 6423777534
537, 6423777534
534, 6423777534
539, 6423777534
538, 6423777534
538, 6423777534
537, 6423777534
539, 6423777534
536, 6423777534
532, 6423777534
535, 6423777534
536, 6423777534
535, 6423777534
536, 6423777534
538, 6423777534
536, 6423777534
535, 6423777534
530, 6423777534
538, 6423777534
535, 6423777534
537, 6423777534
536, 6423777534
539, 6423777534
537, 6423777534
531, 6423777534
536, 6423777534
537, 6423777534
536, 6423777534
535, 6423777534
537, 6423625998
559, 6423625998
554, 6423625998
556, 6423625998
560, 6423625998
555, 6423625998
561, 6423625998
555, 6423625998
549, 6423625998
549, 6423625998
555, 6423625998
550, 6423625998
555, 6423625998
559, 6423625998
560, 6423625998
554, 6423625998
563, 6423625998
557, 6423625998
554, 6423625998
554, 6423625998
554, 6423625998
555, 6423625998
551, 6423625998
545, 6423625998
552, 6423625998
558, 6423625998
557, 6423625998
548, 6423625998
559, 6423625998
563, 6423625998
553, 6423625998
553, 6423625998
557, 6423625998
553, 6423625998
558, 6423625998
555, 6423625998
559, 6423625998
550, 6423625998
563, 6423625998
550, 6423625998
556, 6423625998
550, 6423625998
558, 6423625998
558, 6423625998
556, 6423625998
563, 6423625998
552, 6423625998
559, 6423625998
557, 6423625998
560, 6423625998
562, 6423625998
557, 6423625998
554, 6423625998
547, 6423625998
555, 6423625998
548, 6423625998
562, 6423625998
556, 6423625998
558, 6423625998
552, 6423625998
559, 6423625998
553, 6423625998
553, 6423625998
559, 6423625998
557, 6423625998
536, 6423625998
536, 6423625998
536, 6423625998
537, 6423625998
535, 6423625998
538, 6423625998
539, 6423625998
538, 6423625998
535, 6423625998
538, 6423625998
537, 6423625998
539, 6423625998
538, 6423625998
535, 6423625998
535, 6423625998
537, 6423625998
536, 6423625998
536, 6423625998
537, 6423625998
538, 6423625998
535, 6423625998
536, 6423625998
535, 6423625998
535, 6423625998
536, 6423625998
538, 6423625998
537, 6423625998
537, 6423625998
536, 6423625998
538, 6423625998
532, 6423625998
538, 6423625998
537, 6423625998
538, 6423625998
539, 6423625998
554, 6423625998
558, 6423625998
556, 6423625998
550, 6423625998
552, 6423625998
563, 6423625998
562, 6423625998
553, 6423625998
559, 6423625998
556, 6423625998
557, 6423625998
552, 6423625998
554, 6423625998
556, 6423625998
557, 6423625998
560, 6423625998
556, 6423625998
554, 6423625998
553, 6423625998
548, 6423625998
547, 6423625998
554, 6423625998
561, 6423625998
562, 6423625998
562, 6423625998
556, 6423625998
560, 6423625998
560, 6423625998
559, 6423625998
552, 6423625998
549, 6423625998
552, 6423625998
551, 6423625998
553, 6423625998
557, 6423625998
559, 6423625998
558, 6423625998
558, 6423625998
558, 6423625998
556, 6423625998
556, 6423625998
555, 6423625998
550, 6423625998
553, 6423625998
553, 6423625998
557, 6423625998
555, 6423625998
556, 6423625998
552, 6423625998
557, 6423625998
558, 6423625998
551, 6423625998
555, 6423625998
561, 6423625998
554, 6423625998
556, 6423625998
551, 6423625998
551, 6423625998
561, 6423625998
556, 6423625998
557, 6423625998
558, 6423625998
556, 6423625998
554, 6423625998
537, 6423625998
538, 6423625998
531, 6423625998
532, 6423625998
536, 6423625998
539, 6423625998
537, 6423625998
537, 6423625998
538, 6423625998
537, 6423625998
536, 6423625998
536, 6423625998
536, 6423625998
533, 6423625998
538, 6423625998
534, 6423625998
537, 6423625998
541, 6423625998
540, 6423625998
538, 6423625998
534, 6423625998
537, 6423625998
540, 6423625998
538, 6423625998
537, 6423625998
536, 6423625998
539, 6423625998
538, 6423625998
541, 6423625998
535, 6423625998
534, 6423625998
535, 6423625998
541, 6423625998
539, 6423625998
538, 6423625998
563, 6423625998
558, 6423625998
549, 6423625998
557, 6423625998
562, 6423625998
563, 6423625998
561, 6423625998
558, 6423625998
556, 6423625998
555, 6423625998
552, 6423625998
559, 6423625998
556, 6423625998
558, 6423625998
556, 6423625998
561, 6423625998
556, 6423625998
552, 6423625998
560, 6423625998
552, 6423625998
555, 6423625998
550, 6423625998
540, 6423625998
562, 6423625998
559, 6423625998
558, 6423625998
556, 6423625998
553, 6423625998
555, 6423625998
557, 6423625998
558, 6423625998
552, 6423625998
561, 6423625998
560, 6423625998
556, 6423625998
554, 6423625998
560, 6423625998
558, 6423625998
554, 6423625998
559, 6423625998
556, 6423625998
559, 6423625998
555, 6423625998
555, 6423625998
554, 6423625998
558, 6423625998
562, 6423625998
556, 6423625998
547, 6423625998
559, 6423625998
558, 6423625998
552, 6423625998
550, 6423625998
556, 6423625998
556, 6423625998
549, 6423625998
558, 6423625998
559, 6423625998
553, 6423625998
553, 6423625998
548, 6423625998
553, 6423625998
560, 6423625998
557, 6423625998
533, 6423625998
539, 6423625998
534, 6423625998
535, 6423625998
533, 6423625998
535, 6423625998
538, 6423625998
535, 6423625998
533, 6423625998
535, 6423625998
534, 6423625998
535, 6423625998
535, 6423625998
534, 6423625998
533, 6423625998
538, 6423625998
534, 6423625998
536, 6423625998
537, 6423625998
535, 6423625998
534, 6423625998
536, 6423625998
535, 6423625998
536, 6423625998
535, 6423625998
536, 6423625998
534, 6423625998
538, 6423625998
540, 6423625998
536, 6423625998
539, 6423625998
536, 6423625998
538, 6423625998
537, 6423625998
534, 6423625998
557, 6423625998
557, 6423625998
553, 6423625998
553, 6423625998
557, 6423625998
561, 6423625998
560, 6423625998
562, 6423625998
559, 6423625998
556, 6423625998
563, 6423625998
556, 6423625998
557, 6423625998
558, 6423625998
548, 6423625998
554, 6423625998
563, 6423625998
551, 6423625998
557, 6423625998
556, 6423625998
556, 6423625998
557, 6423625998
554, 6423625998
556, 6423625998
561, 6423625998
556, 6423625998
552, 6423625998
559, 6423625998
556, 6423625998
556, 6423625998
558, 6423625998
558, 6423625998
547, 6423625998
556, 6423625998
558, 6423625998
549, 6423625998
550, 6423625998
551, 6423625998
557, 6423625998
550, 6423625998
558, 6423625998
561, 6423625998
559, 6423625998
561, 6423625998
554, 6423625998
557, 6423625998
554, 6423625998
560, 6423625998
558, 6423625998
560, 6423625998
562, 6423625998
557, 6423625998
559, 6423625998
551, 6423625998
551, 6423625998
563, 6423625998
553, 6423625998
562, 6423625998
557, 6423625998
555, 6423625998
559, 6423625998
550, 6423625998
548, 6423625998
559, 6423625998
537, 6423625998
534, 6423625998
538, 6423625998
536, 6423625998
536, 6423625998
538, 6423625998
536, 6423625998
535, 6423625998
537, 6423625998
535, 6423625998
538, 6423625998
536, 6423625998
536, 6423625998
537, 6423625998
533, 6423625998
533, 6423625998
541, 6423625998
541, 6423625998
536, 6423625998
533, 6423625998
538, 6423625998
538, 6423625998
537, 6423625998
534, 6423625998
533, 6423625998
537, 6423625998
534, 6423625998
534, 6423625998
531, 6423625998
535, 6423625998
531, 6423625998
537, 6423625998
535, 6423625998
539, 6423625998
535, 6423625998
557, 6423625998
558, 6423625998
556, 6423625998
557, 6423625998
559, 6423625998
554, 6423625998
554, 6423625998
557, 6423625998
560, 6423625998
555, 6423625998
554, 6423625998
551, 6423625998
558, 6423625998
558, 6423625998
556, 6423625998
560, 6423625998
555, 6423625998
556, 6423625998
558, 6423625998
556, 6423625998
555, 6423625998
559, 6423625998
558, 6423625998
556, 6423625998
557, 6423625998
558, 6423625998
560, 6423625998
555, 6423625998
555, 6423625998
557, 6423625998
551, 6423625998
556, 6423625998
552, 6423625998
556, 6423625998
560, 6423625998
556, 6423625998
565, 6423625998
560, 6423625998
557, 6423625998
560, 6423625998
553, 6423625998
562, 6423625998
554, 6423625998
556, 6423625998
556, 6423625998
550, 6423625998
555, 6423625998
556, 6423625998
557, 6423625998
550, 6423625998
549, 6423625998
556, 6423625998
559, 6423625998
563, 6423625998
557, 6423625998
556, 6423625998
551, 6423625998
559, 6423625998
561, 6423625998
560, 6423625998
556, 6423625998
557, 6423625998
557, 6423625998
560, 6423625998
535, 6423625998
537, 6423625998
531, 6423625998
534, 6423625998
535, 6423625998
536, 6423625998
536, 6423625998
534, 6423625998
539, 6423625998
534, 6423625998
537, 6423625998
528, 6423625998
538, 6423625998
535, 6423625998
533, 6423625998
536, 6423625998
534, 6423625998
533, 6423625998
538, 6423625998
539, 6423625998
536, 6423625998
535, 6423625998
532, 6423625998
533, 6423625998
534, 6423625998
537, 6423625998
535, 6423625998
536, 6423625998
536, 6423625998
535, 6423625998
533, 6423625998
533, 6423625998
536, 6423625998
532, 6423625998
533, 6423625998
558, 6423625998
558, 6423625998
558, 6423625998
562, 6423625998
560, 6423625998
557, 6423625998
558, 6423625998
553, 6423625998
554, 6423625998
557, 6423625998
554, 6423625998
556, 6423625998
563, 6423625998
556, 6423625998
554, 6423625998
563, 6423625998
555, 6423625998
552, 6423625998
550, 6423625998
562, 6423625998
559, 6423625998
556, 6423625998
560, 6423625998
561, 6423625998
562, 6423625998
558, 6423625998
558, 6423625998
563, 6423625998
557, 6423625998
565, 6423625998
559, 6423625998
559, 6423625998
554, 6423625998
548, 6423625998
557, 6423625998
547, 6423625998
551, 6423625998
557, 6423625998
556, 6423625998
562, 6423625998
559, 6423625998
555, 6423625998
550, 6423625998
554, 6423625998
553, 6423625998
557, 6423625998
560, 6423625998
556, 6423625998
557, 6423625998
561, 6423625998
555, 6423625998
559, 6423625998
556, 6423625998
553, 6423625998
556, 6423625998
554, 6423625998
558, 6423625998
559, 6423625998
558, 6423625998
560, 6423625998
564, 6423625998
552, 6423625998
555, 6423625998
555, 6423625998
