581, 4554304206
589, 4554304206
584, 4554304206
585, 4554304206
589, 4554304206
588, 4554304206
584, 4554304206
586, 4554304206
582, 4554304206
588, 4554304206
576, 4837650204
584, 4903280628
593, 4903280628
580, 4903280628
589, 4903280628
583, 4903280628
589, 4903280628
581, 4903280628
586, 4903280628
592, 4903280628
586, 4903280628
598, 4903411692
595, 4903411692
591, 4903411692
593, 4903411692
591, 4903411692
583, 4903411692
594, 4903411692
587, 4903411692
587, 4903411692
588, 4903411692
583, 4903411692
576, 4903411692
582, 4903411692
582, 4903411692
573, 4903411692
576, 4903411692
575, 4903411692
579, 4903411692
573, 4903411692
581, 4903411692
579, 4903411692
581, 4903411692
574, 4903411692
575, 4903411692
582, 4903411692
579, 4903411692
583, 4903411692
582, 4903411692
585, 4903411692
568, 4903411692
581, 4903411692
574, 4903411692
581, 4903411692
587, 4903411692
582, 4903411692
574, 4903411692
578, 4903411692
566, 4903411692
576, 4903411692
574, 4903411692
579, 4903411692
579, 4903411692
579, 4903411692
580, 4903411692
582, 4903411692
580, 4903411692
571, 4903411692
567, 4903411692
588, 4903411692
588, 4903411692
585, 4903411692
576, 4903411692
579, 4903411692
579, 4903411692
579, 4903411692
582, 4903411692
576, 4903411692
575, 4903411692
578, 4903411692
577, 4903411692
577, 4903411692
581, 4903411692
574, 4903411692
576, 4903411692
581, 4903411692
583, 4903411692
586, 4903411692
577, 4903411692
581, 4903411692
589, 4903411692
576, 4903411692
581, 4903411692
580, 4903411692
581, 4903411692
583, 4903411692
589, 4903411692
577, 4903411692
580, 4903411692
580, 4903411692
573, 4903411692
577, 4903411692
577, 4903411692
575, 4903411692
580, 4903411692
571, 4903411692
575, 4903411692
579, 4903411692
577, 4903411692
565, 4903411692
575, 4903411692
581, 4903411692
589, 4903411692
583, 4903411692
575, 4903411692
581, 4903411692
577, 4903411692
570, 4903411692
577, 4903411692
578, 4903411692
572, 4903411692
576, 4903411692
577, 4903411692
587, 4903411692
582, 4903411692
586, 4903411692
572, 4903411692
572, 4903411692
569, 4903411692
578, 4903411692
576, 4903411692
575, 4903411692
579, 4903411692
574, 4903411692
587, 4903411692
587, 4903411692
579, 4903411692
575, 4903411692
577, 4903411692
574, 4903411692
581, 4903411692
581, 4903411692
573, 4903411692
571, 4903411692
577, 4903411692
583, 4903411692
575, 4903411692
575, 4903411692
580, 4903411692
575, 4903411692
574, 4903411692
564, 4903411692
580, 4903411692
574, 4903411692
576, 4903411692
585, 4903411692
568, 4903411692
582, 4903411692
575, 4903411692
574, 4903411692
581, 4903411692
569, 4903411692
582, 4903411692
574, 4903411692
576, 4903411692
580, 4903411692
574, 4903411692
578, 4903411692
568, 4903411692
580, 4903411692
577, 4903411692
585, 4903411692
580, 4903411692
577, 4903411692
583, 4903411692
573, 4903411692
571, 4903411692
582, 4903411692
575, 4903411692
579, 4903411692
582, 4903411692
579, 4903411692
576, 4903411692
581, 4903411692
583, 4903411692
582, 4903411692
574, 4903411692
571, 4903411692
572, 4903411692
572, 4903411692
590, 4903411692
587, 4903411692
573, 4903411692
585, 4903411692
583, 4903411692
579, 4903411692
580, 4903411692
579, 4903411692
585, 4903411692
576, 4903411692
574, 4903411692
572, 4903411692
572, 4903411692
585, 4903411692
571, 4903411692
579, 4903411692
566, 4903411692
579, 4903411692
582, 4903411692
580, 4903411692
581, 4903411692
571, 4903411692
577, 4903411692
586, 4903411692
577, 4903411692
565, 4903411692
574, 4903411692
578, 4903411692
574, 4903411692
580, 4903411692
584, 4903411692
578, 4903411692
577, 4903411692
577, 4903411692
572, 4903411692
582, 4903411692
573, 4903411692
577, 4903411692
577, 4903411692
585, 4903411692
583, 4903411692
581, 4903411692
576, 4903411692
593, 4903411692
577, 4903411692
575, 4903411692
575, 4903411692
570, 4903411692
576, 4903411692
582, 4903411692
569, 4903411692
573, 4903411692
574, 4903411692
575, 4903411692
583, 4903411692
583, 4903411692
584, 4903411692
586, 4903411692
575, 4903411692
575, 4903411692
583, 4903411692
586, 4903411692
579, 4903411692
576, 4903411692
573, 4903411692
579, 4903411692
582, 4903411692
584, 4903563228
583, 4903563228
587, 4903563228
592, 4903563228
587, 4903563228
584, 4903563228
578, 4903563228
594, 4903563228
580, 4903563228
567, 4903563228
581, 4903563228
568, 4903563228
574, 4903563228
576, 4903563228
573, 4903563228
573, 4903563228
575, 4903563228
575, 4903563228
580, 4903563228
573, 4903563228
575, 4903563228
583, 4903563228
587, 4903563228
580, 4903563228
573, 4903563228
565, 4903563228
573, 4903563228
580, 4903563228
580, 4903563228
577, 4903563228
582, 4903563228
583, 4903563228
578, 4903563228
582, 4903563228
569, 4903563228
583, 4903563228
578, 4903563228
572, 4903563228
570, 4903563228
577, 4903563228
587, 4903563228
572, 4903563228
581, 4903563228
583, 4903563228
580, 4903563228
583, 4903563228
570, 4903563228
578, 4903563228
580, 4903563228
580, 4903563228
585, 4903563228
567, 4903563228
581, 4903563228
578, 4903563228
579, 4903563228
573, 4903563228
578, 4903563228
577, 4903563228
578, 4903563228
573, 4903563228
568, 4903563228
580, 4903563228
575, 4903563228
577, 4903563228
572, 4903563228
579, 4903563228
585, 4903563228
582, 4903563228
573, 4903563228
579, 4903563228
573, 4903563228
568, 4903563228
580, 4903563228
575, 4903563228
575, 4903563228
566, 4903563228
577, 4903563228
574, 4903563228
577, 4903563228
570, 4903563228
574, 4903563228
578, 4903563228
582, 4903563228
570, 4903563228
575, 4903563228
578, 4903563228
573, 4903563228
571, 4903563228
567, 4903563228
582, 4903563228
574, 4903563228
577, 4903563228
569, 4903563228
576, 4903563228
583, 4903563228
576, 4903563228
580, 4903563228
