388, 6186392142
399, 6186392142
575, 6186392142
575, 6186392142
574, 6186392142
575, 6186392142
573, 6186392142
575, 6186392142
571, 6186392142
570, 6186392142
574, 6186392142
579, 6186392142
570, 6186392142
579, 6186392142
574, 6186392142
578, 6186392142
563, 6186392142
578, 6186392142
572, 6186392142
571, 6186392142
575, 6186392142
571, 6186392142
565, 6186392142
576, 6186392142
568, 6186392142
574, 6186392142
574, 6186392142
579, 6186392142
583, 6186392142
566, 6188880042
574, 6350173937
594, 6387506828
599, 6387506828
588, 6387506828
581, 6387506828
597, 6387506828
594, 6387506828
595, 6387506828
598, 6387506828
592, 6387506828
587, 6387506828
582, 6387506828
589, 6387506828
584, 6387506828
584, 6387506828
588, 6387506828
594, 6387506828
585, 6387506828
588, 6387506828
585, 6387506828
584, 6387506828
590, 6387506828
596, 6387506828
594, 6387506828
594, 6387506828
574, 6387506828
586, 6387506828
586, 6387506828
588, 6387506828
593, 6387506828
591, 6387506828
588, 6387506828
587, 6387506828
584, 6387506828
587, 6387506828
583, 6387506828
588, 6387506828
588, 6387506828
592, 6387506828
586, 6387506828
591, 6387506828
593, 6387506828
591, 6387506828
585, 6387506828
586, 6387506828
585, 6387506828
585, 6387506828
583, 6387506828
584, 6387506828
582, 6387506828
585, 6387506828
579, 6387506828
589, 6387506828
588, 6387506828
594, 6387506828
589, 6387506828
587, 6387506828
585, 6387506828
588, 6387506828
583, 6387506828
591, 6387506828
593, 6387506828
592, 6387506828
587, 6387506828
593, 6387506828
582, 6387506828
583, 6387506828
586, 6387506828
576, 6387506828
585, 6387506828
580, 6387506828
590, 6387506828
591, 6387506828
590, 6387506828
596, 6387506828
587, 6387506828
586, 6387506828
600, 6387506828
598, 6387506828
593, 6387506828
588, 6387506828
589, 6387506828
597, 6387506828
592, 6387506828
588, 6387506828
583, 6387506828
593, 6387506828
587, 6387506828
592, 6387506828
584, 6387506828
588, 6387506828
586, 6387506828
590, 6387506828
597, 6387506828
595, 6387506828
586, 6387506828
593, 6387506828
594, 6387506828
583, 6387506828
594, 6387506828
591, 6387506828
595, 6387506828
590, 6387506828
590, 6387506828
591, 6387506828
586, 6387506828
596, 6387506828
593, 6387506828
587, 6387506828
584, 6387506828
596, 6387506828
588, 6387506828
587, 6387506828
597, 6387506828
591, 6387506828
590, 6387506828
582, 6387506828
589, 6387506828
586, 6387506828
588, 6387506828
589, 6387506828
596, 6387506828
592, 6387506828
592, 6387506828
594, 6387506828
586, 6387506828
585, 6387506828
583, 6387506828
581, 6387506828
590, 6387506828
599, 6387506828
583, 6387506828
592, 6387506828
593, 6387506828
600, 6387506828
598, 6387506828
591, 6387506828
584, 6387506828
598, 6387506828
586, 6387506828
582, 6387506828
584, 6387506828
589, 6387506828
586, 6387506828
581, 6387506828
591, 6387506828
588, 6387506828
588, 6387506828
588, 6387506828
578, 6387506828
587, 6387506828
585, 6387506828
593, 6387506828
588, 6387506828
589, 6387506828
588, 6387506828
586, 6387506828
588, 6387506828
588, 6387506828
597, 6387506828
589, 6387506828
597, 6387506828
594, 6387506828
591, 6387506828
587, 6387506828
585, 6387506828
594, 6387506828
587, 6387506828
587, 6387506828
586, 6387506828
588, 6387506828
596, 6387506828
593, 6387506828
595, 6387506828
603, 6387506828
588, 6387506828
591, 6387506828
587, 6387506828
591, 6387506828
586, 6387506828
600, 6387506828
592, 6387506828
598, 6387506828
580, 6387506828
590, 6387506828
590, 6387506828
584, 6387506828
596, 6387506828
600, 6387506828
590, 6387506828
583, 6387506828
580, 6387506828
590, 6387506828
584, 6387506828
585, 6387506828
580, 6387506828
590, 6387506828
595, 6387506828
580, 6387506828
589, 6387506828
587, 6387506828
585, 6387506828
584, 6387506828
590, 6387506828
592, 6387506828
601, 6387506828
583, 6387506828
585, 6387506828
601, 6387506828
586, 6387506828
593, 6387506828
588, 6387506828
580, 6387506828
591, 6387506828
595, 6387506828
591, 6387506828
595, 6387506828
591, 6387506828
589, 6387506828
588, 6387506828
588, 6387506828
591, 6387506828
596, 6387506828
585, 6387506828
593, 6387506828
581, 6387506828
586, 6387506828
576, 6387506828
582, 6387506828
593, 6387506828
591, 6387506828
580, 6387506828
591, 6387506828
585, 6387506828
587, 6387506828
585, 6387506828
593, 6387506828
594, 6387506828
579, 6387506828
585, 6387506828
586, 6387506828
586, 6387506828
587, 6387506828
585, 6387506828
590, 6387506828
590, 6387506828
588, 6387506828
585, 6387506828
584, 6387506828
592, 6387506828
589, 6387506828
589, 6387506828
586, 6387506828
588, 6387506828
583, 6387506828
595, 6387506828
583, 6387506828
587, 6387506828
582, 6387506828
589, 6387506828
607, 6387506828
585, 6387506828
591, 6387506828
585, 6387506828
584, 6387506828
586, 6387506828
589, 6387506828
585, 6387506828
591, 6387506828
583, 6387506828
584, 6387506828
588, 6387506828
589, 6387506828
590, 6387506828
590, 6387506828
598, 6387506828
596, 6387506828
585, 6387506828
592, 6387506828
590, 6387506828
593, 6387506828
591, 6387506828
591, 6387506828
596, 6387506828
587, 6387506828
595, 6387506828
592, 6387506828
578, 6387506828
589, 6387506828
585, 6387506828
591, 6387506828
585, 6387506828
588, 6387506828
582, 6387506828
596, 6387506828
588, 6387506828
588, 6387506828
586, 6387506828
587, 6387506828
581, 6387506828
577, 6387506828
579, 6387506828
585, 6387506828
587, 6387506828
595, 6387506828
585, 6387506828
602, 6387506828
598, 6387506828
600, 6387506828
585, 6387506828
589, 6387506828
591, 6387506828
580, 6387506828
581, 6387506828
586, 6387506828
592, 6387506828
592, 6387506828
584, 6387506828
590, 6387506828
587, 6387506828
591, 6387506828
588, 6387506828
592, 6387506828
587, 6387506828
