549, 4554172372
554, 4554172372
554, 4554172372
557, 4554172372
551, 4554172372
552, 4554172372
556, 4554172372
551, 4554172372
555, 4554172372
553, 4554172372
559, 4554172372
552, 4554172372
553, 4554172372
558, 4554172372
557, 4554172372
546, 4554172372
557, 4554172372
552, 4554172372
554, 4554172372
552, 4554172372
552, 4554172372
554, 4554172372
560, 4554172372
552, 4554172372
551, 4554172372
548, 4554172372
556, 4554172372
553, 4554172372
549, 4554172372
550, 4554172372
561, 4554172372
554, 4554172372
558, 4554172372
558, 4554172372
551, 4554172372
557, 4554172372
557, 4554172372
550, 4554172372
552, 4554172372
549, 4554172372
552, 4554172372
552, 4554172372
554, 4554172372
557, 4554172372
549, 4554172372
553, 4554172372
554, 4554172372
557, 4554172372
552, 4554172372
557, 4554172372
557, 4554172372
554, 4554172372
554, 4554172372
554, 4554172372
553, 4554172372
555, 4554172372
549, 4554172372
552, 4554172372
558, 4554172372
552, 4554172372
554, 4554172372
550, 4554172372
540, 4554172372
554, 4554172372
557, 4554172372
554, 4554172372
551, 4554172372
551, 4554172372
546, 4554172372
548, 4554172372
556, 4554172372
555, 4554172372
555, 4554172372
555, 4554172372
555, 4554172372
555, 4554172372
553, 4554172372
555, 4554172372
555, 4554172372
557, 4554172372
556, 4554172372
550, 4554172372
553, 4554172372
552, 4554172372
552, 4554172372
555, 4554172372
552, 4554172372
557, 4554172372
557, 4554172372
558, 4554172372
549, 4554172372
553, 4554172372
558, 4554172372
556, 4554172372
551, 4554172372
554, 4554172372
559, 4554172372
554, 4554172372
555, 4554172372
551, 4554172372
554, 4554172372
555, 4554172372
554, 4554172372
555, 4554172372
557, 4554172372
555, 4554172372
554, 4554172372
553, 4554172372
558, 4554172372
552, 4554172372
553, 4554172372
551, 4554172372
555, 4554172372
557, 4554172372
562, 4554172372
552, 4554172372
554, 4554172372
551, 4554172372
557, 4554172372
550, 4554172372
552, 4554172372
548, 4554172372
554, 4554172372
559, 4554172372
551, 4554172372
548, 4554172372
552, 4554172372
548, 4554172372
553, 4554172372
551, 4554172372
551, 4554172372
554, 4554172372
556, 4554172372
553, 4554172372
549, 4554172372
551, 4554172372
550, 4554172372
554, 4554172372
553, 4554172372
553, 4554172372
555, 4554172372
555, 4554172372
555, 4554172372
554, 4554172372
549, 4554172372
553, 4554172372
559, 4554172372
552, 4554172372
552, 4554172372
557, 4554172372
555, 4554172372
559, 4554172372
553, 4554172372
551, 4554172372
553, 4554172372
551, 4554172372
560, 4554172372
550, 4554172372
557, 4554172372
553, 4554172372
559, 4554172372
552, 4554172372
550, 4554172372
558, 4554172372
555, 4554172372
552, 4554172372
558, 4554172372
555, 4554172372
557, 4554172372
556, 4554172372
557, 4554172372
552, 4554172372
554, 4554172372
553, 4554172372
559, 4554172372
555, 4554172372
558, 4554172372
546, 4554172372
554, 4554172372
555, 4554172372
552, 4554172372
555, 4554172372
558, 4554172372
555, 4554172372
554, 4554172372
553, 4554172372
554, 4554172372
554, 4554172372
553, 4554172372
553, 4554172372
552, 4554172372
559, 4554172372
553, 4554172372
554, 4554172372
549, 4554172372
551, 4554172372
555, 4554172372
553, 4554172372
553, 4554172372
548, 4554172372
556, 4554172372
559, 4554172372
551, 4554172372
554, 4554172372
549, 4554172372
549, 4554172372
554, 4554172372
556, 4554172372
555, 4554172372
554, 4554172372
553, 4554172372
554, 4554172372
556, 4554172372
551, 4554172372
556, 4554172372
545, 4554172372
554, 4554172372
554, 4554172372
553, 4554172372
554, 4554172372
545, 4554172372
560, 4554172372
555, 4554172372
558, 4554172372
551, 4554172372
558, 4554172372
554, 4554172372
558, 4554172372
553, 4554172372
549, 4554172372
553, 4554172372
554, 4554172372
556, 4554172372
552, 4554172372
547, 4554172372
553, 4554172372
552, 4554172372
548, 4554172372
551, 4554172372
555, 4554172372
553, 4554172372
558, 4554172372
560, 4554172372
558, 4554172372
548, 4554172372
557, 4554172372
551, 4554172372
551, 4554172372
558, 4554172372
553, 4554172372
553, 4554172372
554, 4554172372
554, 4554172372
560, 4554172372
556, 4554172372
552, 4554172372
554, 4554172372
551, 4554172372
553, 4554172372
552, 4554172372
554, 4554172372
558, 4554172372
557, 4554172372
556, 4554172372
557, 4554172372
556, 4554172372
555, 4554172372
556, 4554172372
556, 4554172372
549, 4554172372
555, 4554172372
556, 4554172372
556, 4554172372
557, 4554172372
552, 4554172372
557, 4554172372
553, 4554172372
558, 4554172372
553, 4554172372
560, 4554172372
550, 4554172372
559, 4554172372
553, 4554172372
556, 4554172372
555, 4554172372
556, 4554172372
554, 4554172372
554, 4554172372
555, 4554172372
553, 4554172372
560, 4554172372
549, 4554172372
550, 4554172372
553, 4554172372
562, 4554172372
556, 4554172372
552, 4554172372
551, 4554172372
555, 4554172372
551, 4554172372
559, 4554172372
554, 4554172372
553, 4554172372
556, 4554172372
556, 4554172372
553, 4554172372
556, 4554172372
557, 4554172372
553, 4554172372
551, 4554172372
548, 4554172372
552, 4554172372
551, 4554172372
556, 4554172372
552, 4554172372
554, 4554172372
555, 4554172372
554, 4554172372
553, 4554172372
553, 4554172372
557, 4554172372
553, 4554172372
555, 4554172372
555, 4554172372
553, 4554172372
553, 4554172372
553, 4554172372
551, 4554172372
541, 4554172372
546, 4554172372
554, 4554172372
555, 4554172372
557, 4554172372
554, 4554172372
553, 4554172372
555, 4554172372
554, 4554172372
552, 4554172372
557, 4554172372
557, 4554172372
553, 4554172372
551, 4554172372
556, 4554172372
553, 4554172372
558, 4554172372
551, 4554172372
554, 4554172372
553, 4554172372
555, 4554172372
556, 4554172372
556, 4554172372
560, 4554172372
560, 4554172372
557, 4554172372
